<?xml version="1.0" encoding="UTF-8"?>
<testsuite xmlns:xsi="http://www.w3.org/2001/XMLSchema-instance" xsi:noNamespaceSchemaLocation="https://maven.apache.org/surefire/maven-surefire-plugin/xsd/surefire-test-report.xsd" name="edu.arizona.cs.TestQ1_2_a" time="0.056" tests="1" errors="0" skipped="0" failures="1">
  <properties>
    <property name="gopherProxySet" value="false"/>
    <property name="awt.toolkit" value="sun.lwawt.macosx.LWCToolkit"/>
    <property name="java.specification.version" value="11"/>
    <property name="sun.cpu.isalist" value=""/>
    <property name="sun.jnu.encoding" value="UTF-8"/>
    <property name="java.class.path" value="/Users/mordor/tawork/fall2020cs4583/hw3/hw3_java/target/test-classes:/Users/mordor/tawork/fall2020cs4583/hw3/hw3_java/target/classes:/Users/mordor/.m2/repository/org/apache/lucene/lucene-core/7.7.1/lucene-core-7.7.1.jar:/Users/mordor/.m2/repository/org/apache/lucene/lucene-queryparser/7.7.1/lucene-queryparser-7.7.1.jar:/Users/mordor/.m2/repository/org/apache/lucene/lucene-queries/7.7.1/lucene-queries-7.7.1.jar:/Users/mordor/.m2/repository/org/apache/lucene/lucene-sandbox/7.7.1/lucene-sandbox-7.7.1.jar:/Users/mordor/.m2/repository/org/apache/lucene/lucene-analyzers-common/7.7.1/lucene-analyzers-common-7.7.1.jar:/Users/mordor/.m2/repository/org/junit/jupiter/junit-jupiter-engine/5.3.1/junit-jupiter-engine-5.3.1.jar:/Users/mordor/.m2/repository/org/apiguardian/apiguardian-api/1.0.0/apiguardian-api-1.0.0.jar:/Users/mordor/.m2/repository/org/junit/platform/junit-platform-engine/1.3.1/junit-platform-engine-1.3.1.jar:/Users/mordor/.m2/repository/org/junit/platform/junit-platform-commons/1.3.1/junit-platform-commons-1.3.1.jar:/Users/mordor/.m2/repository/org/opentest4j/opentest4j/1.1.1/opentest4j-1.1.1.jar:/Users/mordor/.m2/repository/org/junit/jupiter/junit-jupiter-api/5.3.1/junit-jupiter-api-5.3.1.jar:"/>
    <property name="java.vm.vendor" value="Oracle Corporation"/>
    <property name="sun.arch.data.model" value="64"/>
    <property name="java.vendor.url" value="http://java.oracle.com/"/>
    <property name="user.timezone" value=""/>
    <property name="java.vm.specification.version" value="11"/>
    <property name="os.name" value="Mac OS X"/>
    <property name="sun.java.launcher" value="SUN_STANDARD"/>
    <property name="user.country" value="US"/>
    <property name="sun.boot.library.path" value="/Library/Java/JavaVirtualMachines/openjdk-11.0.2.jdk/Contents/Home/lib"/>
    <property name="sun.java.command" value="/Users/mordor/tawork/fall2020cs4583/hw3/hw3_java/target/surefire/surefirebooter16973591292483530989.jar /Users/mordor/tawork/fall2020cs4583/hw3/hw3_java/target/surefire 2020-10-14T17-47-40_897-jvmRun1 surefire8041513493612332956tmp surefire_07634002203699507024tmp"/>
    <property name="http.nonProxyHosts" value="local|*.local|169.254/16|*.169.254/16"/>
    <property name="jdk.debug" value="release"/>
    <property name="surefire.test.class.path" value="/Users/mordor/tawork/fall2020cs4583/hw3/hw3_java/target/test-classes:/Users/mordor/tawork/fall2020cs4583/hw3/hw3_java/target/classes:/Users/mordor/.m2/repository/org/apache/lucene/lucene-core/7.7.1/lucene-core-7.7.1.jar:/Users/mordor/.m2/repository/org/apache/lucene/lucene-queryparser/7.7.1/lucene-queryparser-7.7.1.jar:/Users/mordor/.m2/repository/org/apache/lucene/lucene-queries/7.7.1/lucene-queries-7.7.1.jar:/Users/mordor/.m2/repository/org/apache/lucene/lucene-sandbox/7.7.1/lucene-sandbox-7.7.1.jar:/Users/mordor/.m2/repository/org/apache/lucene/lucene-analyzers-common/7.7.1/lucene-analyzers-common-7.7.1.jar:/Users/mordor/.m2/repository/org/junit/jupiter/junit-jupiter-engine/5.3.1/junit-jupiter-engine-5.3.1.jar:/Users/mordor/.m2/repository/org/apiguardian/apiguardian-api/1.0.0/apiguardian-api-1.0.0.jar:/Users/mordor/.m2/repository/org/junit/platform/junit-platform-engine/1.3.1/junit-platform-engine-1.3.1.jar:/Users/mordor/.m2/repository/org/junit/platform/junit-platform-commons/1.3.1/junit-platform-commons-1.3.1.jar:/Users/mordor/.m2/repository/org/opentest4j/opentest4j/1.1.1/opentest4j-1.1.1.jar:/Users/mordor/.m2/repository/org/junit/jupiter/junit-jupiter-api/5.3.1/junit-jupiter-api-5.3.1.jar:"/>
    <property name="sun.cpu.endian" value="little"/>
    <property name="user.home" value="/Users/mordor"/>
    <property name="user.language" value="en"/>
    <property name="java.specification.vendor" value="Oracle Corporation"/>
    <property name="java.version.date" value="2019-01-15"/>
    <property name="java.home" value="/Library/Java/JavaVirtualMachines/openjdk-11.0.2.jdk/Contents/Home"/>
    <property name="file.separator" value="/"/>
    <property name="basedir" value="/Users/mordor/tawork/fall2020cs4583/hw3/hw3_java"/>
    <property name="java.vm.compressedOopsMode" value="Zero based"/>
    <property name="line.separator" value="&#10;"/>
    <property name="java.specification.name" value="Java Platform API Specification"/>
    <property name="java.vm.specification.vendor" value="Oracle Corporation"/>
    <property name="java.awt.graphicsenv" value="sun.awt.CGraphicsEnvironment"/>
    <property name="surefire.real.class.path" value="/Users/mordor/tawork/fall2020cs4583/hw3/hw3_java/target/surefire/surefirebooter16973591292483530989.jar"/>
    <property name="sun.management.compiler" value="HotSpot 64-Bit Tiered Compilers"/>
    <property name="ftp.nonProxyHosts" value="local|*.local|169.254/16|*.169.254/16"/>
    <property name="java.runtime.version" value="11.0.2+9"/>
    <property name="user.name" value="mordor"/>
    <property name="path.separator" value=":"/>
    <property name="os.version" value="10.15.6"/>
    <property name="java.runtime.name" value="OpenJDK Runtime Environment"/>
    <property name="file.encoding" value="UTF-8"/>
    <property name="java.vm.name" value="OpenJDK 64-Bit Server VM"/>
    <property name="java.vendor.version" value="18.9"/>
    <property name="localRepository" value="/Users/mordor/.m2/repository"/>
    <property name="java.vendor.url.bug" value="http://bugreport.java.com/bugreport/"/>
    <property name="java.io.tmpdir" value="/var/folders/47/jzjxjfb11v55qr2nhz_nxt800000gn/T/"/>
    <property name="java.version" value="11.0.2"/>
    <property name="user.dir" value="/Users/mordor/tawork/fall2020cs4583/hw3/hw3_java"/>
    <property name="os.arch" value="x86_64"/>
    <property name="java.vm.specification.name" value="Java Virtual Machine Specification"/>
    <property name="java.awt.printerjob" value="sun.lwawt.macosx.CPrinterJob"/>
    <property name="sun.os.patch.level" value="unknown"/>
    <property name="java.library.path" value="/Users/mordor/Library/Java/Extensions:/Library/Java/Extensions:/Network/Library/Java/Extensions:/System/Library/Java/Extensions:/usr/lib/java:."/>
    <property name="java.vendor" value="Oracle Corporation"/>
    <property name="java.vm.info" value="mixed mode"/>
    <property name="java.vm.version" value="11.0.2+9"/>
    <property name="sun.io.unicode.encoding" value="UnicodeBig"/>
    <property name="java.class.version" value="55.0"/>
    <property name="socksNonProxyHosts" value="local|*.local|169.254/16|*.169.254/16"/>
  </properties>
  <testcase name="testDocsAndScores" classname="edu.arizona.cs.TestQ1_2_a" time="0.048">
    <failure message="expected: &lt;2&gt; but was: &lt;3&gt;" type="org.opentest4j.AssertionFailedError"><![CDATA[org.opentest4j.AssertionFailedError: expected: <2> but was: <3>
	at edu.arizona.cs.TestQ1_2_a.testDocsAndScores(TestQ1_2_a.java:22)
]]></failure>
    <system-out><![CDATA[Doc1 information retrieval is the most awesome class I ever took.
Doc2 the retrieval of private information from your emails is a job that the NSA loves.
Doc3 at university of arizona you learn about data science.
Doc4 the labrador retriever is a great dog.
]]></system-out>
  </testcase>
</testsuite>